/home/tannidas/anaconda3/lib/python3.9/site-packages/torch/optim/lr_scheduler.py:131: UserWarning: Detected call of `lr_scheduler.step()` before `optimizer.step()`. In PyTorch 1.1.0 and later, you should call them in the opposite order: `optimizer.step()` before `lr_scheduler.step()`.  Failure to do this will result in PyTorch skipping the first value of the learning rate schedule. See more details at https://pytorch.org/docs/stable/optim.html#how-to-adjust-learning-rate
  warnings.warn("Detected call of `lr_scheduler.step()` before `optimizer.step()`. "
Train Epoch: 0 [1600/33600 (5%)]	Loss: 0.698332
Train Epoch: 0 [3200/33600 (10%)]	Loss: 0.698945
Train Epoch: 0 [4800/33600 (14%)]	Loss: 0.975224
Train Epoch: 0 [6400/33600 (19%)]	Loss: 0.668054
Train Epoch: 0 [8000/33600 (24%)]	Loss: 0.718750
Train Epoch: 0 [9600/33600 (29%)]	Loss: 0.416202
Train Epoch: 0 [11200/33600 (33%)]	Loss: 0.348962
Train Epoch: 0 [12800/33600 (38%)]	Loss: 0.483134
Train Epoch: 0 [14400/33600 (43%)]	Loss: 0.114521
Train Epoch: 0 [16000/33600 (48%)]	Loss: 0.277273
Train Epoch: 0 [17600/33600 (52%)]	Loss: 0.961577
Train Epoch: 0 [19200/33600 (57%)]	Loss: 0.155937
Train Epoch: 0 [20800/33600 (62%)]	Loss: 0.052829
Train Epoch: 0 [22400/33600 (67%)]	Loss: 0.074909
Train Epoch: 0 [24000/33600 (71%)]	Loss: 0.059067
Train Epoch: 0 [25600/33600 (76%)]	Loss: 0.234836
Train Epoch: 0 [27200/33600 (81%)]	Loss: 0.469494
Train Epoch: 0 [28800/33600 (86%)]	Loss: 0.224142
Train Epoch: 0 [30400/33600 (90%)]	Loss: 0.019308
/home/tannidas/anaconda3/lib/python3.9/site-packages/torch/nn/_reduction.py:42: UserWarning: size_average and reduce args will be deprecated, please use reduction='sum' instead.
  warnings.warn(warning.format(ret))
Train Epoch: 0 [32000/33600 (95%)]	Loss: 0.488010
Train Epoch: 0 [33600/33600 (100%)]	Loss: 0.147914
Average Val Loss: 0.0724, Val Accuracy: 8227/8400 (97.940%)
Train Epoch: 1 [1600/33600 (5%)]	Loss: 0.530507
Train Epoch: 1 [3200/33600 (10%)]	Loss: 0.103873
Train Epoch: 1 [4800/33600 (14%)]	Loss: 0.330726
Train Epoch: 1 [6400/33600 (19%)]	Loss: 0.116109
Train Epoch: 1 [8000/33600 (24%)]	Loss: 0.010583
Train Epoch: 1 [9600/33600 (29%)]	Loss: 0.421190
Train Epoch: 1 [11200/33600 (33%)]	Loss: 0.275085
Train Epoch: 1 [12800/33600 (38%)]	Loss: 0.113705
Train Epoch: 1 [14400/33600 (43%)]	Loss: 0.190513
Train Epoch: 1 [16000/33600 (48%)]	Loss: 0.190894
Train Epoch: 1 [17600/33600 (52%)]	Loss: 0.087115
Train Epoch: 1 [19200/33600 (57%)]	Loss: 0.400037
Train Epoch: 1 [20800/33600 (62%)]	Loss: 0.277462
Train Epoch: 1 [22400/33600 (67%)]	Loss: 0.229351
Train Epoch: 1 [24000/33600 (71%)]	Loss: 0.041622
Train Epoch: 1 [25600/33600 (76%)]	Loss: 0.311435
Train Epoch: 1 [27200/33600 (81%)]	Loss: 0.087777
Train Epoch: 1 [28800/33600 (86%)]	Loss: 0.105695
Train Epoch: 1 [30400/33600 (90%)]	Loss: 0.044811
Train Epoch: 1 [32000/33600 (95%)]	Loss: 1.153621
Train Epoch: 1 [33600/33600 (100%)]	Loss: 0.044055
Average Val Loss: 0.0446, Val Accuracy: 8285/8400 (98.631%)
Train Epoch: 2 [1600/33600 (5%)]	Loss: 0.078019
Train Epoch: 2 [3200/33600 (10%)]	Loss: 0.480122
Train Epoch: 2 [4800/33600 (14%)]	Loss: 0.199246
Train Epoch: 2 [6400/33600 (19%)]	Loss: 0.085345
Train Epoch: 2 [8000/33600 (24%)]	Loss: 0.042164
Train Epoch: 2 [9600/33600 (29%)]	Loss: 0.026331
Train Epoch: 2 [11200/33600 (33%)]	Loss: 0.357254
Train Epoch: 2 [12800/33600 (38%)]	Loss: 0.088167
Train Epoch: 2 [14400/33600 (43%)]	Loss: 0.216629
Train Epoch: 2 [16000/33600 (48%)]	Loss: 0.116687
Train Epoch: 2 [17600/33600 (52%)]	Loss: 0.158992
Train Epoch: 2 [19200/33600 (57%)]	Loss: 0.291313
Train Epoch: 2 [20800/33600 (62%)]	Loss: 0.045841
Train Epoch: 2 [22400/33600 (67%)]	Loss: 0.078828
Train Epoch: 2 [24000/33600 (71%)]	Loss: 0.041805
Train Epoch: 2 [25600/33600 (76%)]	Loss: 0.114423
Train Epoch: 2 [27200/33600 (81%)]	Loss: 0.018182
Train Epoch: 2 [28800/33600 (86%)]	Loss: 0.110886
Train Epoch: 2 [30400/33600 (90%)]	Loss: 0.576760
Train Epoch: 2 [32000/33600 (95%)]	Loss: 0.044752
Train Epoch: 2 [33600/33600 (100%)]	Loss: 0.609735
Average Val Loss: 0.0418, Val Accuracy: 8300/8400 (98.810%)
Train Epoch: 3 [1600/33600 (5%)]	Loss: 0.185171
Train Epoch: 3 [3200/33600 (10%)]	Loss: 0.016778
Train Epoch: 3 [4800/33600 (14%)]	Loss: 0.180189
Train Epoch: 3 [6400/33600 (19%)]	Loss: 0.470786
Train Epoch: 3 [8000/33600 (24%)]	Loss: 0.019042
Train Epoch: 3 [9600/33600 (29%)]	Loss: 0.155568
Train Epoch: 3 [11200/33600 (33%)]	Loss: 0.012508
Train Epoch: 3 [12800/33600 (38%)]	Loss: 0.055861
Train Epoch: 3 [14400/33600 (43%)]	Loss: 0.059614
Train Epoch: 3 [16000/33600 (48%)]	Loss: 0.043528
Train Epoch: 3 [17600/33600 (52%)]	Loss: 0.072976
Train Epoch: 3 [19200/33600 (57%)]	Loss: 0.054561
Train Epoch: 3 [20800/33600 (62%)]	Loss: 0.088695
Train Epoch: 3 [22400/33600 (67%)]	Loss: 0.155341
Train Epoch: 3 [24000/33600 (71%)]	Loss: 0.133448
Train Epoch: 3 [25600/33600 (76%)]	Loss: 0.170190
Train Epoch: 3 [27200/33600 (81%)]	Loss: 0.006496
Train Epoch: 3 [28800/33600 (86%)]	Loss: 0.011701
Train Epoch: 3 [30400/33600 (90%)]	Loss: 0.201390
Train Epoch: 3 [32000/33600 (95%)]	Loss: 0.008222
Train Epoch: 3 [33600/33600 (100%)]	Loss: 0.252238
Average Val Loss: 0.0352, Val Accuracy: 8318/8400 (99.024%)
Train Epoch: 4 [1600/33600 (5%)]	Loss: 0.008810
Train Epoch: 4 [3200/33600 (10%)]	Loss: 0.008522
Train Epoch: 4 [4800/33600 (14%)]	Loss: 0.027734
Train Epoch: 4 [6400/33600 (19%)]	Loss: 0.027832
Train Epoch: 4 [8000/33600 (24%)]	Loss: 0.109241
Train Epoch: 4 [9600/33600 (29%)]	Loss: 0.107782
Train Epoch: 4 [11200/33600 (33%)]	Loss: 0.278334
Train Epoch: 4 [12800/33600 (38%)]	Loss: 0.013785
Train Epoch: 4 [14400/33600 (43%)]	Loss: 0.237725
Train Epoch: 4 [16000/33600 (48%)]	Loss: 0.105171
Train Epoch: 4 [17600/33600 (52%)]	Loss: 0.115728
Train Epoch: 4 [19200/33600 (57%)]	Loss: 0.028524
Train Epoch: 4 [20800/33600 (62%)]	Loss: 0.458918
Train Epoch: 4 [22400/33600 (67%)]	Loss: 0.081130
Train Epoch: 4 [24000/33600 (71%)]	Loss: 0.014078
Train Epoch: 4 [25600/33600 (76%)]	Loss: 0.190737
Train Epoch: 4 [27200/33600 (81%)]	Loss: 0.048239
Train Epoch: 4 [28800/33600 (86%)]	Loss: 0.170656
Train Epoch: 4 [30400/33600 (90%)]	Loss: 0.158744
Train Epoch: 4 [32000/33600 (95%)]	Loss: 0.054479
Train Epoch: 4 [33600/33600 (100%)]	Loss: 0.072457
Average Val Loss: 0.0399, Val Accuracy: 8303/8400 (98.845%)
Train Epoch: 5 [1600/33600 (5%)]	Loss: 0.080253
Train Epoch: 5 [3200/33600 (10%)]	Loss: 0.140286
Train Epoch: 5 [4800/33600 (14%)]	Loss: 0.256245
Train Epoch: 5 [6400/33600 (19%)]	Loss: 0.163080
Train Epoch: 5 [8000/33600 (24%)]	Loss: 0.014232
Train Epoch: 5 [9600/33600 (29%)]	Loss: 0.099401
Train Epoch: 5 [11200/33600 (33%)]	Loss: 0.004503
Train Epoch: 5 [12800/33600 (38%)]	Loss: 0.031163
Train Epoch: 5 [14400/33600 (43%)]	Loss: 0.064581
Train Epoch: 5 [16000/33600 (48%)]	Loss: 0.064885
Train Epoch: 5 [17600/33600 (52%)]	Loss: 0.516133
Train Epoch: 5 [19200/33600 (57%)]	Loss: 0.022073
Train Epoch: 5 [20800/33600 (62%)]	Loss: 0.659623
Train Epoch: 5 [22400/33600 (67%)]	Loss: 0.019150
Train Epoch: 5 [24000/33600 (71%)]	Loss: 0.083447
Train Epoch: 5 [25600/33600 (76%)]	Loss: 0.034070
Train Epoch: 5 [27200/33600 (81%)]	Loss: 0.455696
Train Epoch: 5 [28800/33600 (86%)]	Loss: 0.072497
Train Epoch: 5 [30400/33600 (90%)]	Loss: 0.007350
Train Epoch: 5 [32000/33600 (95%)]	Loss: 0.332558
Train Epoch: 5 [33600/33600 (100%)]	Loss: 0.214340
Average Val Loss: 0.0326, Val Accuracy: 8314/8400 (98.976%)
Train Epoch: 6 [1600/33600 (5%)]	Loss: 0.229742
Train Epoch: 6 [3200/33600 (10%)]	Loss: 0.104516
Train Epoch: 6 [4800/33600 (14%)]	Loss: 0.031719
Train Epoch: 6 [6400/33600 (19%)]	Loss: 0.009605
Train Epoch: 6 [8000/33600 (24%)]	Loss: 0.053580
Train Epoch: 6 [9600/33600 (29%)]	Loss: 0.550509
Train Epoch: 6 [11200/33600 (33%)]	Loss: 0.031481
Train Epoch: 6 [12800/33600 (38%)]	Loss: 0.030172
Train Epoch: 6 [14400/33600 (43%)]	Loss: 0.101741
Train Epoch: 6 [16000/33600 (48%)]	Loss: 0.101254
Train Epoch: 6 [17600/33600 (52%)]	Loss: 0.066680
Train Epoch: 6 [19200/33600 (57%)]	Loss: 0.657764
Train Epoch: 6 [20800/33600 (62%)]	Loss: 0.042251
Train Epoch: 6 [22400/33600 (67%)]	Loss: 0.020497
Train Epoch: 6 [24000/33600 (71%)]	Loss: 0.127416
Train Epoch: 6 [25600/33600 (76%)]	Loss: 0.005464
Train Epoch: 6 [27200/33600 (81%)]	Loss: 0.137039
Train Epoch: 6 [28800/33600 (86%)]	Loss: 0.004813
Train Epoch: 6 [30400/33600 (90%)]	Loss: 0.029809
Train Epoch: 6 [32000/33600 (95%)]	Loss: 0.008188
Train Epoch: 6 [33600/33600 (100%)]	Loss: 0.008505
Average Val Loss: 0.0280, Val Accuracy: 8333/8400 (99.202%)
Train Epoch: 7 [1600/33600 (5%)]	Loss: 0.426309
Train Epoch: 7 [3200/33600 (10%)]	Loss: 0.082536
Train Epoch: 7 [4800/33600 (14%)]	Loss: 0.018690
Train Epoch: 7 [6400/33600 (19%)]	Loss: 0.004259
Train Epoch: 7 [8000/33600 (24%)]	Loss: 0.021691
Train Epoch: 7 [9600/33600 (29%)]	Loss: 0.007199
Train Epoch: 7 [11200/33600 (33%)]	Loss: 0.043518
Train Epoch: 7 [12800/33600 (38%)]	Loss: 0.065321
Train Epoch: 7 [14400/33600 (43%)]	Loss: 0.037070
Train Epoch: 7 [16000/33600 (48%)]	Loss: 0.008664
Train Epoch: 7 [17600/33600 (52%)]	Loss: 0.001362
Train Epoch: 7 [19200/33600 (57%)]	Loss: 0.006261
Train Epoch: 7 [20800/33600 (62%)]	Loss: 0.010662
Train Epoch: 7 [22400/33600 (67%)]	Loss: 0.035705
Train Epoch: 7 [24000/33600 (71%)]	Loss: 0.018822
Train Epoch: 7 [25600/33600 (76%)]	Loss: 0.133228
Train Epoch: 7 [27200/33600 (81%)]	Loss: 0.002198
Train Epoch: 7 [28800/33600 (86%)]	Loss: 0.021111
Train Epoch: 7 [30400/33600 (90%)]	Loss: 0.006917
Train Epoch: 7 [32000/33600 (95%)]	Loss: 0.025223
Train Epoch: 7 [33600/33600 (100%)]	Loss: 0.055552
Average Val Loss: 0.0278, Val Accuracy: 8339/8400 (99.274%)
Train Epoch: 8 [1600/33600 (5%)]	Loss: 0.112812
Train Epoch: 8 [3200/33600 (10%)]	Loss: 0.013442
Train Epoch: 8 [4800/33600 (14%)]	Loss: 0.811249
Train Epoch: 8 [6400/33600 (19%)]	Loss: 0.016146
Train Epoch: 8 [8000/33600 (24%)]	Loss: 0.007123
Train Epoch: 8 [9600/33600 (29%)]	Loss: 0.009792
Train Epoch: 8 [11200/33600 (33%)]	Loss: 0.334591
Train Epoch: 8 [12800/33600 (38%)]	Loss: 0.171835
Train Epoch: 8 [14400/33600 (43%)]	Loss: 0.122287
Train Epoch: 8 [16000/33600 (48%)]	Loss: 0.044779
Train Epoch: 8 [17600/33600 (52%)]	Loss: 0.123155
Train Epoch: 8 [19200/33600 (57%)]	Loss: 0.527884
Train Epoch: 8 [20800/33600 (62%)]	Loss: 0.011019
Train Epoch: 8 [22400/33600 (67%)]	Loss: 0.018271
Train Epoch: 8 [24000/33600 (71%)]	Loss: 0.017458
Train Epoch: 8 [25600/33600 (76%)]	Loss: 0.035635
Train Epoch: 8 [27200/33600 (81%)]	Loss: 0.049186
Train Epoch: 8 [28800/33600 (86%)]	Loss: 0.003015
Train Epoch: 8 [30400/33600 (90%)]	Loss: 0.064540
Train Epoch: 8 [32000/33600 (95%)]	Loss: 0.013271
Train Epoch: 8 [33600/33600 (100%)]	Loss: 0.001098
Average Val Loss: 0.0268, Val Accuracy: 8339/8400 (99.274%)
Train Epoch: 9 [1600/33600 (5%)]	Loss: 0.122516
Train Epoch: 9 [3200/33600 (10%)]	Loss: 0.038061
Train Epoch: 9 [4800/33600 (14%)]	Loss: 0.028645
Train Epoch: 9 [6400/33600 (19%)]	Loss: 0.142162
Train Epoch: 9 [8000/33600 (24%)]	Loss: 0.012052
Train Epoch: 9 [9600/33600 (29%)]	Loss: 0.058525
Train Epoch: 9 [11200/33600 (33%)]	Loss: 0.001263
Train Epoch: 9 [12800/33600 (38%)]	Loss: 0.070922
Train Epoch: 9 [14400/33600 (43%)]	Loss: 0.116348
Train Epoch: 9 [16000/33600 (48%)]	Loss: 0.006788
Train Epoch: 9 [17600/33600 (52%)]	Loss: 0.007554
Train Epoch: 9 [19200/33600 (57%)]	Loss: 0.003293
Train Epoch: 9 [20800/33600 (62%)]	Loss: 0.026034
Train Epoch: 9 [22400/33600 (67%)]	Loss: 0.085697
Train Epoch: 9 [24000/33600 (71%)]	Loss: 0.047133
Train Epoch: 9 [25600/33600 (76%)]	Loss: 0.200841
Train Epoch: 9 [27200/33600 (81%)]	Loss: 0.001843
Train Epoch: 9 [28800/33600 (86%)]	Loss: 0.009106
Train Epoch: 9 [30400/33600 (90%)]	Loss: 0.018162
Train Epoch: 9 [32000/33600 (95%)]	Loss: 0.250999
Train Epoch: 9 [33600/33600 (100%)]	Loss: 0.003506
Average Val Loss: 0.0279, Val Accuracy: 8337/8400 (99.250%)
Train Epoch: 10 [1600/33600 (5%)]	Loss: 0.243689
Train Epoch: 10 [3200/33600 (10%)]	Loss: 0.233994
Train Epoch: 10 [4800/33600 (14%)]	Loss: 0.026154
Train Epoch: 10 [6400/33600 (19%)]	Loss: 0.222111
Train Epoch: 10 [8000/33600 (24%)]	Loss: 0.010337
Train Epoch: 10 [9600/33600 (29%)]	Loss: 0.008074
Train Epoch: 10 [11200/33600 (33%)]	Loss: 0.007919
Train Epoch: 10 [12800/33600 (38%)]	Loss: 0.129604
Train Epoch: 10 [14400/33600 (43%)]	Loss: 0.205979
Train Epoch: 10 [16000/33600 (48%)]	Loss: 0.023660
Train Epoch: 10 [17600/33600 (52%)]	Loss: 0.030624
Train Epoch: 10 [19200/33600 (57%)]	Loss: 0.394944
Train Epoch: 10 [20800/33600 (62%)]	Loss: 0.095980
Train Epoch: 10 [22400/33600 (67%)]	Loss: 0.020326
Train Epoch: 10 [24000/33600 (71%)]	Loss: 0.049005
Train Epoch: 10 [25600/33600 (76%)]	Loss: 0.072999
Train Epoch: 10 [27200/33600 (81%)]	Loss: 0.037524
Train Epoch: 10 [28800/33600 (86%)]	Loss: 0.024818
Train Epoch: 10 [30400/33600 (90%)]	Loss: 0.006795
Train Epoch: 10 [32000/33600 (95%)]	Loss: 0.034160
Train Epoch: 10 [33600/33600 (100%)]	Loss: 0.008119
Average Val Loss: 0.0277, Val Accuracy: 8339/8400 (99.274%)
Train Epoch: 11 [1600/33600 (5%)]	Loss: 0.009098
Train Epoch: 11 [3200/33600 (10%)]	Loss: 0.003123
Train Epoch: 11 [4800/33600 (14%)]	Loss: 0.010030
Train Epoch: 11 [6400/33600 (19%)]	Loss: 0.046128
Train Epoch: 11 [8000/33600 (24%)]	Loss: 0.117827
Train Epoch: 11 [9600/33600 (29%)]	Loss: 0.030354
Train Epoch: 11 [11200/33600 (33%)]	Loss: 0.011446
Train Epoch: 11 [12800/33600 (38%)]	Loss: 0.067389
Train Epoch: 11 [14400/33600 (43%)]	Loss: 0.048112
Train Epoch: 11 [16000/33600 (48%)]	Loss: 0.047357
Train Epoch: 11 [17600/33600 (52%)]	Loss: 0.000452
Train Epoch: 11 [19200/33600 (57%)]	Loss: 0.058972
Train Epoch: 11 [20800/33600 (62%)]	Loss: 0.037102
Train Epoch: 11 [22400/33600 (67%)]	Loss: 0.128580
Train Epoch: 11 [24000/33600 (71%)]	Loss: 0.014464
Train Epoch: 11 [25600/33600 (76%)]	Loss: 0.010672
Train Epoch: 11 [27200/33600 (81%)]	Loss: 0.224699
Train Epoch: 11 [28800/33600 (86%)]	Loss: 0.054083
Train Epoch: 11 [30400/33600 (90%)]	Loss: 0.018289
Train Epoch: 11 [32000/33600 (95%)]	Loss: 0.013351
Train Epoch: 11 [33600/33600 (100%)]	Loss: 0.018035
Average Val Loss: 0.0267, Val Accuracy: 8345/8400 (99.345%)
Train Epoch: 12 [1600/33600 (5%)]	Loss: 0.003101
Train Epoch: 12 [3200/33600 (10%)]	Loss: 0.090597
Train Epoch: 12 [4800/33600 (14%)]	Loss: 0.009561
Train Epoch: 12 [6400/33600 (19%)]	Loss: 0.003993
Train Epoch: 12 [8000/33600 (24%)]	Loss: 0.124029
Train Epoch: 12 [9600/33600 (29%)]	Loss: 0.025672
Train Epoch: 12 [11200/33600 (33%)]	Loss: 0.285811
Train Epoch: 12 [12800/33600 (38%)]	Loss: 0.226060
Train Epoch: 12 [14400/33600 (43%)]	Loss: 0.111267
Train Epoch: 12 [16000/33600 (48%)]	Loss: 0.004696
Train Epoch: 12 [17600/33600 (52%)]	Loss: 0.118683
Train Epoch: 12 [19200/33600 (57%)]	Loss: 0.053460
Train Epoch: 12 [20800/33600 (62%)]	Loss: 0.017118
Train Epoch: 12 [22400/33600 (67%)]	Loss: 0.026384
Train Epoch: 12 [24000/33600 (71%)]	Loss: 0.017728
Train Epoch: 12 [25600/33600 (76%)]	Loss: 0.084562
Train Epoch: 12 [27200/33600 (81%)]	Loss: 0.084303
Train Epoch: 12 [28800/33600 (86%)]	Loss: 0.051151
Train Epoch: 12 [30400/33600 (90%)]	Loss: 0.002590
Train Epoch: 12 [32000/33600 (95%)]	Loss: 0.002007
Train Epoch: 12 [33600/33600 (100%)]	Loss: 0.076328
Average Val Loss: 0.0260, Val Accuracy: 8340/8400 (99.286%)
Train Epoch: 13 [1600/33600 (5%)]	Loss: 0.029624
Train Epoch: 13 [3200/33600 (10%)]	Loss: 0.014593
Train Epoch: 13 [4800/33600 (14%)]	Loss: 0.009289
Train Epoch: 13 [6400/33600 (19%)]	Loss: 0.008835
Train Epoch: 13 [8000/33600 (24%)]	Loss: 0.140404
Train Epoch: 13 [9600/33600 (29%)]	Loss: 0.035552
Train Epoch: 13 [11200/33600 (33%)]	Loss: 0.029288
Train Epoch: 13 [12800/33600 (38%)]	Loss: 0.017296
Train Epoch: 13 [14400/33600 (43%)]	Loss: 0.009096
Train Epoch: 13 [16000/33600 (48%)]	Loss: 0.058948
Train Epoch: 13 [17600/33600 (52%)]	Loss: 0.020549
Train Epoch: 13 [19200/33600 (57%)]	Loss: 0.017189
Train Epoch: 13 [20800/33600 (62%)]	Loss: 0.279113
Train Epoch: 13 [22400/33600 (67%)]	Loss: 0.038149
Train Epoch: 13 [24000/33600 (71%)]	Loss: 0.017329
Train Epoch: 13 [25600/33600 (76%)]	Loss: 0.010816
Train Epoch: 13 [27200/33600 (81%)]	Loss: 0.027978
Train Epoch: 13 [28800/33600 (86%)]	Loss: 0.033917
Train Epoch: 13 [30400/33600 (90%)]	Loss: 0.002377
Train Epoch: 13 [32000/33600 (95%)]	Loss: 0.004453
Train Epoch: 13 [33600/33600 (100%)]	Loss: 0.024822
Average Val Loss: 0.0260, Val Accuracy: 8340/8400 (99.286%)
Train Epoch: 14 [1600/33600 (5%)]	Loss: 0.025304
Train Epoch: 14 [3200/33600 (10%)]	Loss: 0.037934
Train Epoch: 14 [4800/33600 (14%)]	Loss: 0.082540
Train Epoch: 14 [6400/33600 (19%)]	Loss: 0.023011
Train Epoch: 14 [8000/33600 (24%)]	Loss: 0.010592
Train Epoch: 14 [9600/33600 (29%)]	Loss: 0.036358
Train Epoch: 14 [11200/33600 (33%)]	Loss: 0.028970
Train Epoch: 14 [12800/33600 (38%)]	Loss: 0.025185
Train Epoch: 14 [14400/33600 (43%)]	Loss: 0.026313
Train Epoch: 14 [16000/33600 (48%)]	Loss: 0.270870
Train Epoch: 14 [17600/33600 (52%)]	Loss: 0.015206
Train Epoch: 14 [19200/33600 (57%)]	Loss: 0.141254
Train Epoch: 14 [20800/33600 (62%)]	Loss: 0.013283
Train Epoch: 14 [22400/33600 (67%)]	Loss: 0.120630
Train Epoch: 14 [24000/33600 (71%)]	Loss: 0.041522
Train Epoch: 14 [25600/33600 (76%)]	Loss: 0.005946
Train Epoch: 14 [27200/33600 (81%)]	Loss: 0.003434
Train Epoch: 14 [28800/33600 (86%)]	Loss: 0.006532
Train Epoch: 14 [30400/33600 (90%)]	Loss: 0.189614
Train Epoch: 14 [32000/33600 (95%)]	Loss: 0.103666
Train Epoch: 14 [33600/33600 (100%)]	Loss: 0.029954
Average Val Loss: 0.0268, Val Accuracy: 8338/8400 (99.262%)
Train Epoch: 15 [1600/33600 (5%)]	Loss: 0.029678
Train Epoch: 15 [3200/33600 (10%)]	Loss: 0.073789
Train Epoch: 15 [4800/33600 (14%)]	Loss: 0.003868
Train Epoch: 15 [6400/33600 (19%)]	Loss: 0.150304
Train Epoch: 15 [8000/33600 (24%)]	Loss: 0.063950
Train Epoch: 15 [9600/33600 (29%)]	Loss: 0.036507
Train Epoch: 15 [11200/33600 (33%)]	Loss: 0.053690
Train Epoch: 15 [12800/33600 (38%)]	Loss: 0.006058
Train Epoch: 15 [14400/33600 (43%)]	Loss: 0.021495
Train Epoch: 15 [16000/33600 (48%)]	Loss: 0.263186
Train Epoch: 15 [17600/33600 (52%)]	Loss: 0.996001
Train Epoch: 15 [19200/33600 (57%)]	Loss: 0.010078
Train Epoch: 15 [20800/33600 (62%)]	Loss: 0.050139
Train Epoch: 15 [22400/33600 (67%)]	Loss: 0.017358
Train Epoch: 15 [24000/33600 (71%)]	Loss: 0.211855
Train Epoch: 15 [25600/33600 (76%)]	Loss: 0.017408
Train Epoch: 15 [27200/33600 (81%)]	Loss: 0.217882
Train Epoch: 15 [28800/33600 (86%)]	Loss: 0.003233
Train Epoch: 15 [30400/33600 (90%)]	Loss: 0.003682
Train Epoch: 15 [32000/33600 (95%)]	Loss: 0.001148
Train Epoch: 15 [33600/33600 (100%)]	Loss: 0.742389
Average Val Loss: 0.0253, Val Accuracy: 8342/8400 (99.310%)
Train Epoch: 16 [1600/33600 (5%)]	Loss: 0.022484
Train Epoch: 16 [3200/33600 (10%)]	Loss: 0.023767
Train Epoch: 16 [4800/33600 (14%)]	Loss: 0.007248
Train Epoch: 16 [6400/33600 (19%)]	Loss: 0.005257
Train Epoch: 16 [8000/33600 (24%)]	Loss: 0.018779
Train Epoch: 16 [9600/33600 (29%)]	Loss: 0.204322
Train Epoch: 16 [11200/33600 (33%)]	Loss: 0.003243
Train Epoch: 16 [12800/33600 (38%)]	Loss: 0.029453
Train Epoch: 16 [14400/33600 (43%)]	Loss: 0.051449
Train Epoch: 16 [16000/33600 (48%)]	Loss: 0.000757
Train Epoch: 16 [17600/33600 (52%)]	Loss: 0.072948
Train Epoch: 16 [19200/33600 (57%)]	Loss: 0.001394
Train Epoch: 16 [20800/33600 (62%)]	Loss: 0.044352
Train Epoch: 16 [22400/33600 (67%)]	Loss: 0.002607
Train Epoch: 16 [24000/33600 (71%)]	Loss: 0.350337
Train Epoch: 16 [25600/33600 (76%)]	Loss: 0.018109
Train Epoch: 16 [27200/33600 (81%)]	Loss: 0.032610
Train Epoch: 16 [28800/33600 (86%)]	Loss: 0.017218
Train Epoch: 16 [30400/33600 (90%)]	Loss: 0.005995
Train Epoch: 16 [32000/33600 (95%)]	Loss: 0.385145
Train Epoch: 16 [33600/33600 (100%)]	Loss: 0.006182
Average Val Loss: 0.0264, Val Accuracy: 8341/8400 (99.298%)
Train Epoch: 17 [1600/33600 (5%)]	Loss: 0.264473
Train Epoch: 17 [3200/33600 (10%)]	Loss: 0.004593
Train Epoch: 17 [4800/33600 (14%)]	Loss: 0.008585
Train Epoch: 17 [6400/33600 (19%)]	Loss: 0.004361
Train Epoch: 17 [8000/33600 (24%)]	Loss: 0.007616
Train Epoch: 17 [9600/33600 (29%)]	Loss: 0.191423
Train Epoch: 17 [11200/33600 (33%)]	Loss: 0.008005
Train Epoch: 17 [12800/33600 (38%)]	Loss: 0.009195
Train Epoch: 17 [14400/33600 (43%)]	Loss: 0.016050
Train Epoch: 17 [16000/33600 (48%)]	Loss: 0.033582
Train Epoch: 17 [17600/33600 (52%)]	Loss: 0.081318
Train Epoch: 17 [19200/33600 (57%)]	Loss: 0.015322
Train Epoch: 17 [20800/33600 (62%)]	Loss: 0.015033
Train Epoch: 17 [22400/33600 (67%)]	Loss: 0.050812
Train Epoch: 17 [24000/33600 (71%)]	Loss: 0.050752
Train Epoch: 17 [25600/33600 (76%)]	Loss: 0.003741
Train Epoch: 17 [27200/33600 (81%)]	Loss: 0.013856
Train Epoch: 17 [28800/33600 (86%)]	Loss: 0.021217
Train Epoch: 17 [30400/33600 (90%)]	Loss: 0.624300
Train Epoch: 17 [32000/33600 (95%)]	Loss: 0.004905
Train Epoch: 17 [33600/33600 (100%)]	Loss: 0.130665
Average Val Loss: 0.0263, Val Accuracy: 8337/8400 (99.250%)
Train Epoch: 18 [1600/33600 (5%)]	Loss: 0.007339
Train Epoch: 18 [3200/33600 (10%)]	Loss: 0.003676
Train Epoch: 18 [4800/33600 (14%)]	Loss: 0.348039
Train Epoch: 18 [6400/33600 (19%)]	Loss: 0.011197
Train Epoch: 18 [8000/33600 (24%)]	Loss: 0.005266
Train Epoch: 18 [9600/33600 (29%)]	Loss: 0.007483
Train Epoch: 18 [11200/33600 (33%)]	Loss: 0.005632
Train Epoch: 18 [12800/33600 (38%)]	Loss: 0.223429
Train Epoch: 18 [14400/33600 (43%)]	Loss: 0.229566
Train Epoch: 18 [16000/33600 (48%)]	Loss: 0.164903
Train Epoch: 18 [17600/33600 (52%)]	Loss: 0.233191
Train Epoch: 18 [19200/33600 (57%)]	Loss: 0.091056
Train Epoch: 18 [20800/33600 (62%)]	Loss: 0.051548
Train Epoch: 18 [22400/33600 (67%)]	Loss: 0.012842
Train Epoch: 18 [24000/33600 (71%)]	Loss: 0.451560
Train Epoch: 18 [25600/33600 (76%)]	Loss: 0.003787
Train Epoch: 18 [27200/33600 (81%)]	Loss: 0.023045
Train Epoch: 18 [28800/33600 (86%)]	Loss: 0.033583
Train Epoch: 18 [30400/33600 (90%)]	Loss: 0.008798
Train Epoch: 18 [32000/33600 (95%)]	Loss: 0.008269
Train Epoch: 18 [33600/33600 (100%)]	Loss: 0.019122
Average Val Loss: 0.0266, Val Accuracy: 8340/8400 (99.286%)
Train Epoch: 19 [1600/33600 (5%)]	Loss: 0.004621
Train Epoch: 19 [3200/33600 (10%)]	Loss: 0.010470
Train Epoch: 19 [4800/33600 (14%)]	Loss: 0.003650
Train Epoch: 19 [6400/33600 (19%)]	Loss: 0.032449
Train Epoch: 19 [8000/33600 (24%)]	Loss: 0.057150
Train Epoch: 19 [9600/33600 (29%)]	Loss: 0.005137
Train Epoch: 19 [11200/33600 (33%)]	Loss: 0.026196
Train Epoch: 19 [12800/33600 (38%)]	Loss: 0.067173
Train Epoch: 19 [14400/33600 (43%)]	Loss: 0.024058
Train Epoch: 19 [16000/33600 (48%)]	Loss: 0.006532
Train Epoch: 19 [17600/33600 (52%)]	Loss: 0.325287
Train Epoch: 19 [19200/33600 (57%)]	Loss: 0.237097
Train Epoch: 19 [20800/33600 (62%)]	Loss: 0.015925
Train Epoch: 19 [22400/33600 (67%)]	Loss: 0.475137
Train Epoch: 19 [24000/33600 (71%)]	Loss: 0.031164
Train Epoch: 19 [25600/33600 (76%)]	Loss: 0.026716
Train Epoch: 19 [27200/33600 (81%)]	Loss: 0.042671
Train Epoch: 19 [28800/33600 (86%)]	Loss: 0.028823
Train Epoch: 19 [30400/33600 (90%)]	Loss: 0.047420
Train Epoch: 19 [32000/33600 (95%)]	Loss: 0.087958
Train Epoch: 19 [33600/33600 (100%)]	Loss: 0.064887
Average Val Loss: 0.0261, Val Accuracy: 8339/8400 (99.274%)